<?xml version="1.0" encoding="UTF-8"?>
<!-- Generated by org.testng.reporters.JUnitReportReporter -->
<testsuite hostname="Admin-PC" failures="0" tests="1" name="com.sauceDemo.TestClasses.TC003VarifyMultipleProductAddtoCartFunctionality1" time="17.945" errors="0" timestamp="2022-08-13T17:32:35 IST" skipped="0">
  <testcase classname="com.sauceDemo.TestClasses.TC003VarifyMultipleProductAddtoCartFunctionality1" name="singleProductAddToCart" time="17.945"/>
  <system-out/>
</testsuite> <!-- com.sauceDemo.TestClasses.TC003VarifyMultipleProductAddtoCartFunctionality1 -->
