<?xml version="1.0" encoding="UTF-8"?>
<!-- Generated by org.testng.reporters.JUnitReportReporter -->
<testsuite hostname="Admin-PC" failures="0" tests="1" name="com.sauceDemo.TestClasses.TC001VarifyLoginFunctionality1" time="20.099" errors="0" timestamp="2022-08-13T17:32:35 IST" skipped="0">
  <testcase classname="com.sauceDemo.TestClasses.TC001VarifyLoginFunctionality1" name="loginFunctionality" time="20.099"/>
  <system-out/>
</testsuite> <!-- com.sauceDemo.TestClasses.TC001VarifyLoginFunctionality1 -->
